<html xmlns:math="http://exslt.org/math" xmlns:testng="http://testng.org">
   <head>
      <title>TestNG Results</title>
      <meta http-equiv="content-type" content="text/html; charset=utf-8"></meta>
      <meta http-equiv="pragma" content="no-cache"></meta>
      <meta http-equiv="cache-control" content="max-age=0"></meta>
      <meta http-equiv="cache-control" content="no-cache"></meta>
      <meta http-equiv="cache-control" content="no-store"></meta>
      <LINK rel="stylesheet" href="style.css"></LINK>
      <script type="text/javascript" src="main.js"></script>
   </head>
   <body>
      <table width="100%" style="font-size: 16px; margin-bottom: 10px;" cellspacing="1">
         <tr>
            <td width="100%">
               Test case
               
               <b>Default test</b>
            </td>
            <td style="background-color: #FFBBBB; padding: 3px 3px 3px 0;" align="center">
               <div style="width: 50px;">0</div>
            </td>
            <td style="background-color: lightgreen; padding: 3px 3px 3px 0;" align="center">
               <div style="width: 50px;">0</div>
            </td>
            <td style="background-color: #FFFFBB; padding: 3px 3px 3px 0;" align="center">
               <div style="width: 50px;">1</div>
            </td>
            <td align="center" style="background-color: #eaf0f7; padding: 3px 3px 3px 0;">
               <div style="width: 50px;">1</div>
            </td>
            <td align="center"
                style="font-weight: bold; background-color: #eaf0f7; padding: 3px 3px 3px 0;">
               <div style="width: 50px;">0%</div>
            </td>
            <td style="background-color: #eaf0f7; padding: 3px 3px 3px 0;" align="center"
                nowrap="true">115 ms
               
            </td>
         </tr>
      </table>
      <div style="width: 200px;">
         <label for="groupMethodsCheckBox" style="font-weight: bold; margin: 0;">
            <input id="groupMethodsCheckBox" type="checkbox" onclick="switchTestMethodsView(this)"></input>
            Group by class
            
         </label>
         <br></br>
         <label for="methodsFilter_ALL" style="font-weight: bold; margin: 0;">
            <input id="methodsFilter_ALL" type="checkbox"
                   onclick="testMethodsFilterChanged(this, 'ALL')"></input>
            All
            
         </label>
      </div>
      <label for="methodsFilter_FAIL" style="margin-left: 20px;">
         <input id="methodsFilter_FAIL" type="checkbox"
                onclick="testMethodsFilterChanged(this, 'FAIL')"
                checked=""></input>
         Failed
         
      </label>
      <label for="methodsFilter_PASS">
         <input id="methodsFilter_PASS" type="checkbox"
                onclick="testMethodsFilterChanged(this, 'PASS')"
                checked=""></input>
         Passed
         
      </label>
      <label for="methodsFilter_SKIP">
         <input id="methodsFilter_SKIP" type="checkbox"
                onclick="testMethodsFilterChanged(this, 'SKIP')"
                checked=""></input>
         Skipped
         
      </label>
      <label for="methodsFilter_CONF">
         <input id="methodsFilter_CONF" type="checkbox"
                onclick="testMethodsFilterChanged(this, 'CONF')"></input>
         Config
         
      </label>
      <br></br>
      <div id="testMethodsByStatus">
         <table class="testMethodsTable" cellpadding="0" cellspacing="0">
            <tr class="methodsTableHeader">
               <td width="100%">Name</td>
               <td nowrap="true">Started</td>
               <td nowrap="true">Duration</td>
               <td>Exception</td>
            </tr>
            <tr id="myTests.LogInTest_setUp_byStatus_failed_FAIL1_row"
                class="testMethodStatusFAIL testMethodStatusCONF">
               <td width="100%" class="firstMethodCell">
                  <a onclick="toggleDetailsVisibility('myTests.LogInTest_setUp_byStatus_failed_FAIL1_details')">setUp()</a>
               </td>
               <td nowrap="true">23:45:25</td>
               <td nowrap="true" align="right">0 ms
                  
               </td>
               <td nowrap="true">
                  <a onclick="toggleDetailsVisibility('myTests.LogInTest_setUp_byStatus_failed_FAIL1_exception')">org.testng.TestNGException: 
                     
                     Parameter 'Browser' is required by BeforeMethod on method setUp but has not been marked @Optional or defined
                     in C:\Users\Vip\AppData\Local\Temp\testng-eclipse--232004192\testng-customsuite.xml
                     
                  </a>
                   
                  
               </td>
            </tr>
            <tr>
               <td colspan="4" class="detailsBox">
                  <div id="myTests.LogInTest_setUp_byStatus_failed_FAIL1_details"
                       class="testMethodDetails">
                     <div>
                        <b>Name: </b>setUp
                     </div>
                     <div>
                        <b>Signature: </b>setUp(java.lang.String)[pri:0, instance:myTests.LogInTest@eec5a4a]
                     </div>
                     <div>
                        <b>Start time: </b>23:45:25
                     </div>
                     <div>
                        <b>End time: </b>23:45:25
                     </div>
                     <div>
                        <b>Duration: </b>0 ms
                        
                     </div>
                  </div>
               </td>
            </tr>
            <tr>
               <td colspan="4" class="detailsBox">
                  <div id="myTests.LogInTest_setUp_byStatus_failed_FAIL1_exception"
                       class="testMethodDetails">
                     <pre style="padding: 5px; margin: 0;">org.testng.TestNGException: 
                        Parameter 'Browser' is required by BeforeMethod on method setUp but has not been marked @Optional or defined
                        in C:\Users\Vip\AppData\Local\Temp\testng-eclipse--232004192\testng-customsuite.xml
                        	at org.testng.internal.Parameters.createParameters(Parameters.java:199)
                        	at org.testng.internal.Parameters.createParameters(Parameters.java:443)
                        	at org.testng.internal.Parameters.createConfigurationParameters(Parameters.java:118)
                        	at org.testng.internal.Invoker.invokeConfigurations(Invoker.java:203)
                        	at org.testng.internal.Invoker.invokeMethod(Invoker.java:590)
                        	at org.testng.internal.Invoker.invokeTestMethod(Invoker.java:851)
                        	at org.testng.internal.Invoker.invokeTestMethods(Invoker.java:1177)
                        	at org.testng.internal.TestMethodWorker.invokeTestMethods(TestMethodWorker.java:129)
                        	at org.testng.internal.TestMethodWorker.run(TestMethodWorker.java:112)
                        	at org.testng.TestRunner.privateRun(TestRunner.java:756)
                        	at org.testng.TestRunner.run(TestRunner.java:610)
                        	at org.testng.SuiteRunner.runTest(SuiteRunner.java:387)
                        	at org.testng.SuiteRunner.runSequentially(SuiteRunner.java:382)
                        	at org.testng.SuiteRunner.privateRun(SuiteRunner.java:340)
                        	at org.testng.SuiteRunner.run(SuiteRunner.java:289)
                        	at org.testng.SuiteRunnerWorker.runSuite(SuiteRunnerWorker.java:52)
                        	at org.testng.SuiteRunnerWorker.run(SuiteRunnerWorker.java:86)
                        	at org.testng.TestNG.runSuitesSequentially(TestNG.java:1293)
                        	at org.testng.TestNG.runSuitesLocally(TestNG.java:1218)
                        	at org.testng.TestNG.runSuites(TestNG.java:1133)
                        	at org.testng.TestNG.run(TestNG.java:1104)
                        	at org.testng.remote.AbstractRemoteTestNG.run(AbstractRemoteTestNG.java:132)
                        	at org.testng.remote.RemoteTestNG.initAndRun(RemoteTestNG.java:236)
                        	at org.testng.remote.RemoteTestNG.main(RemoteTestNG.java:81)
                     </pre>
                  </div>
               </td>
            </tr>
            <tr id="myTests.LogInTest_faceBookLogin_byStatus_skiped_SKIP1_row"
                class="testMethodStatusSKIP">
               <td width="100%" class="firstMethodCell">
                  <a onclick="toggleDetailsVisibility('myTests.LogInTest_faceBookLogin_byStatus_skiped_SKIP1_details')">faceBookLogin()</a>
               </td>
               <td nowrap="true">23:45:25</td>
               <td nowrap="true" align="right">33 ms
                  
               </td>
               <td nowrap="true">
                  <a onclick="toggleDetailsVisibility('myTests.LogInTest_faceBookLogin_byStatus_skiped_SKIP1_exception')">org.testng.TestNGException: 
                     
                     Parameter 'Browser' is required by BeforeMethod on method setUp but has not been marked @Optional or defined
                     in C:\Users\Vip\AppData\Local\Temp\testng-eclipse--232004192\testng-customsuite.xml
                     
                  </a>
                   
                  
               </td>
            </tr>
            <tr>
               <td colspan="4" class="detailsBox">
                  <div id="myTests.LogInTest_faceBookLogin_byStatus_skiped_SKIP1_details"
                       class="testMethodDetails">
                     <div>
                        <b>Name: </b>faceBookLogin
                     </div>
                     <div>
                        <b>Signature: </b>faceBookLogin()[pri:0, instance:myTests.LogInTest@eec5a4a]
                     </div>
                     <div>
                        <b>Start time: </b>23:45:25
                     </div>
                     <div>
                        <b>End time: </b>23:45:25
                     </div>
                     <div>
                        <b>Duration: </b>33 ms
                        
                     </div>
                  </div>
               </td>
            </tr>
            <tr>
               <td colspan="4" class="detailsBox">
                  <div id="myTests.LogInTest_faceBookLogin_byStatus_skiped_SKIP1_exception"
                       class="testMethodDetails">
                     <pre style="padding: 5px; margin: 0;">org.testng.TestNGException: 
                        Parameter 'Browser' is required by BeforeMethod on method setUp but has not been marked @Optional or defined
                        in C:\Users\Vip\AppData\Local\Temp\testng-eclipse--232004192\testng-customsuite.xml
                        	at org.testng.internal.Parameters.createParameters(Parameters.java:199)
                        	at org.testng.internal.Parameters.createParameters(Parameters.java:443)
                        	at org.testng.internal.Parameters.createConfigurationParameters(Parameters.java:118)
                        	at org.testng.internal.Invoker.invokeConfigurations(Invoker.java:203)
                        	at org.testng.internal.Invoker.invokeMethod(Invoker.java:590)
                        	at org.testng.internal.Invoker.invokeTestMethod(Invoker.java:851)
                        	at org.testng.internal.Invoker.invokeTestMethods(Invoker.java:1177)
                        	at org.testng.internal.TestMethodWorker.invokeTestMethods(TestMethodWorker.java:129)
                        	at org.testng.internal.TestMethodWorker.run(TestMethodWorker.java:112)
                        	at org.testng.TestRunner.privateRun(TestRunner.java:756)
                        	at org.testng.TestRunner.run(TestRunner.java:610)
                        	at org.testng.SuiteRunner.runTest(SuiteRunner.java:387)
                        	at org.testng.SuiteRunner.runSequentially(SuiteRunner.java:382)
                        	at org.testng.SuiteRunner.privateRun(SuiteRunner.java:340)
                        	at org.testng.SuiteRunner.run(SuiteRunner.java:289)
                        	at org.testng.SuiteRunnerWorker.runSuite(SuiteRunnerWorker.java:52)
                        	at org.testng.SuiteRunnerWorker.run(SuiteRunnerWorker.java:86)
                        	at org.testng.TestNG.runSuitesSequentially(TestNG.java:1293)
                        	at org.testng.TestNG.runSuitesLocally(TestNG.java:1218)
                        	at org.testng.TestNG.runSuites(TestNG.java:1133)
                        	at org.testng.TestNG.run(TestNG.java:1104)
                        	at org.testng.remote.AbstractRemoteTestNG.run(AbstractRemoteTestNG.java:132)
                        	at org.testng.remote.RemoteTestNG.initAndRun(RemoteTestNG.java:236)
                        	at org.testng.remote.RemoteTestNG.main(RemoteTestNG.java:81)
                     </pre>
                  </div>
               </td>
            </tr>
            <tr id="myTests.LogInTest_closeConnection_byStatus_skiped_SKIP2_row"
                class="testMethodStatusSKIP testMethodStatusCONF">
               <td width="100%" class="firstMethodCell">
                  <a onclick="toggleDetailsVisibility('myTests.LogInTest_closeConnection_byStatus_skiped_SKIP2_details')">closeConnection()</a>
               </td>
               <td nowrap="true">23:45:25</td>
               <td nowrap="true" align="right">0 ms
                  
               </td>
               <td nowrap="true">
                   
                  
               </td>
            </tr>
            <tr>
               <td colspan="4" class="detailsBox">
                  <div id="myTests.LogInTest_closeConnection_byStatus_skiped_SKIP2_details"
                       class="testMethodDetails">
                     <div>
                        <b>Name: </b>closeConnection
                     </div>
                     <div>
                        <b>Signature: </b>closeConnection()[pri:0, instance:myTests.LogInTest@eec5a4a]
                     </div>
                     <div>
                        <b>Start time: </b>23:45:25
                     </div>
                     <div>
                        <b>End time: </b>23:45:25
                     </div>
                     <div>
                        <b>Duration: </b>0 ms
                        
                     </div>
                  </div>
               </td>
            </tr>
            <tr></tr>
         </table>
      </div>
      <div id="testMethodsByClass" style="display: none;">
         <table class="testMethodsTable" cellpadding="0" cellspacing="0">
            <tr>
               <td colspan="4">
                  <h3 style="display: inline;">myTests.LogInTest</h3>
               </td>
            </tr>
            <tr class="methodsTableHeader">
               <td width="100%">Name</td>
               <td nowrap="true">Started</td>
               <td nowrap="true">Duration</td>
               <td>Exception</td>
            </tr>
            <tr id="myTests.LogInTest_setUp_byClass_FAIL1_row"
                class="testMethodStatusFAIL testMethodStatusCONF">
               <td width="100%" class="firstMethodCell">
                  <a onclick="toggleDetailsVisibility('myTests.LogInTest_setUp_byClass_FAIL1_details')">setUp()</a>
               </td>
               <td nowrap="true">23:45:25</td>
               <td nowrap="true" align="right">0 ms
                  
               </td>
               <td nowrap="true">
                  <a onclick="toggleDetailsVisibility('myTests.LogInTest_setUp_byClass_FAIL1_exception')">org.testng.TestNGException: 
                     
                     Parameter 'Browser' is required by BeforeMethod on method setUp but has not been marked @Optional or defined
                     in C:\Users\Vip\AppData\Local\Temp\testng-eclipse--232004192\testng-customsuite.xml
                     
                  </a>
                   
                  
               </td>
            </tr>
            <tr>
               <td colspan="4" class="detailsBox">
                  <div id="myTests.LogInTest_setUp_byClass_FAIL1_details" class="testMethodDetails">
                     <div>
                        <b>Name: </b>setUp
                     </div>
                     <div>
                        <b>Signature: </b>setUp(java.lang.String)[pri:0, instance:myTests.LogInTest@eec5a4a]
                     </div>
                     <div>
                        <b>Start time: </b>23:45:25
                     </div>
                     <div>
                        <b>End time: </b>23:45:25
                     </div>
                     <div>
                        <b>Duration: </b>0 ms
                        
                     </div>
                  </div>
               </td>
            </tr>
            <tr>
               <td colspan="4" class="detailsBox">
                  <div id="myTests.LogInTest_setUp_byClass_FAIL1_exception" class="testMethodDetails">
                     <pre style="padding: 5px; margin: 0;">org.testng.TestNGException: 
                        Parameter 'Browser' is required by BeforeMethod on method setUp but has not been marked @Optional or defined
                        in C:\Users\Vip\AppData\Local\Temp\testng-eclipse--232004192\testng-customsuite.xml
                        	at org.testng.internal.Parameters.createParameters(Parameters.java:199)
                        	at org.testng.internal.Parameters.createParameters(Parameters.java:443)
                        	at org.testng.internal.Parameters.createConfigurationParameters(Parameters.java:118)
                        	at org.testng.internal.Invoker.invokeConfigurations(Invoker.java:203)
                        	at org.testng.internal.Invoker.invokeMethod(Invoker.java:590)
                        	at org.testng.internal.Invoker.invokeTestMethod(Invoker.java:851)
                        	at org.testng.internal.Invoker.invokeTestMethods(Invoker.java:1177)
                        	at org.testng.internal.TestMethodWorker.invokeTestMethods(TestMethodWorker.java:129)
                        	at org.testng.internal.TestMethodWorker.run(TestMethodWorker.java:112)
                        	at org.testng.TestRunner.privateRun(TestRunner.java:756)
                        	at org.testng.TestRunner.run(TestRunner.java:610)
                        	at org.testng.SuiteRunner.runTest(SuiteRunner.java:387)
                        	at org.testng.SuiteRunner.runSequentially(SuiteRunner.java:382)
                        	at org.testng.SuiteRunner.privateRun(SuiteRunner.java:340)
                        	at org.testng.SuiteRunner.run(SuiteRunner.java:289)
                        	at org.testng.SuiteRunnerWorker.runSuite(SuiteRunnerWorker.java:52)
                        	at org.testng.SuiteRunnerWorker.run(SuiteRunnerWorker.java:86)
                        	at org.testng.TestNG.runSuitesSequentially(TestNG.java:1293)
                        	at org.testng.TestNG.runSuitesLocally(TestNG.java:1218)
                        	at org.testng.TestNG.runSuites(TestNG.java:1133)
                        	at org.testng.TestNG.run(TestNG.java:1104)
                        	at org.testng.remote.AbstractRemoteTestNG.run(AbstractRemoteTestNG.java:132)
                        	at org.testng.remote.RemoteTestNG.initAndRun(RemoteTestNG.java:236)
                        	at org.testng.remote.RemoteTestNG.main(RemoteTestNG.java:81)
                     </pre>
                  </div>
               </td>
            </tr>
            <tr id="myTests.LogInTest_faceBookLogin_byClass_SKIP2_row"
                class="testMethodStatusSKIP">
               <td width="100%" class="firstMethodCell">
                  <a onclick="toggleDetailsVisibility('myTests.LogInTest_faceBookLogin_byClass_SKIP2_details')">faceBookLogin()</a>
               </td>
               <td nowrap="true">23:45:25</td>
               <td nowrap="true" align="right">33 ms
                  
               </td>
               <td nowrap="true">
                  <a onclick="toggleDetailsVisibility('myTests.LogInTest_faceBookLogin_byClass_SKIP2_exception')">org.testng.TestNGException: 
                     
                     Parameter 'Browser' is required by BeforeMethod on method setUp but has not been marked @Optional or defined
                     in C:\Users\Vip\AppData\Local\Temp\testng-eclipse--232004192\testng-customsuite.xml
                     
                  </a>
                   
                  
               </td>
            </tr>
            <tr>
               <td colspan="4" class="detailsBox">
                  <div id="myTests.LogInTest_faceBookLogin_byClass_SKIP2_details"
                       class="testMethodDetails">
                     <div>
                        <b>Name: </b>faceBookLogin
                     </div>
                     <div>
                        <b>Signature: </b>faceBookLogin()[pri:0, instance:myTests.LogInTest@eec5a4a]
                     </div>
                     <div>
                        <b>Start time: </b>23:45:25
                     </div>
                     <div>
                        <b>End time: </b>23:45:25
                     </div>
                     <div>
                        <b>Duration: </b>33 ms
                        
                     </div>
                  </div>
               </td>
            </tr>
            <tr>
               <td colspan="4" class="detailsBox">
                  <div id="myTests.LogInTest_faceBookLogin_byClass_SKIP2_exception"
                       class="testMethodDetails">
                     <pre style="padding: 5px; margin: 0;">org.testng.TestNGException: 
                        Parameter 'Browser' is required by BeforeMethod on method setUp but has not been marked @Optional or defined
                        in C:\Users\Vip\AppData\Local\Temp\testng-eclipse--232004192\testng-customsuite.xml
                        	at org.testng.internal.Parameters.createParameters(Parameters.java:199)
                        	at org.testng.internal.Parameters.createParameters(Parameters.java:443)
                        	at org.testng.internal.Parameters.createConfigurationParameters(Parameters.java:118)
                        	at org.testng.internal.Invoker.invokeConfigurations(Invoker.java:203)
                        	at org.testng.internal.Invoker.invokeMethod(Invoker.java:590)
                        	at org.testng.internal.Invoker.invokeTestMethod(Invoker.java:851)
                        	at org.testng.internal.Invoker.invokeTestMethods(Invoker.java:1177)
                        	at org.testng.internal.TestMethodWorker.invokeTestMethods(TestMethodWorker.java:129)
                        	at org.testng.internal.TestMethodWorker.run(TestMethodWorker.java:112)
                        	at org.testng.TestRunner.privateRun(TestRunner.java:756)
                        	at org.testng.TestRunner.run(TestRunner.java:610)
                        	at org.testng.SuiteRunner.runTest(SuiteRunner.java:387)
                        	at org.testng.SuiteRunner.runSequentially(SuiteRunner.java:382)
                        	at org.testng.SuiteRunner.privateRun(SuiteRunner.java:340)
                        	at org.testng.SuiteRunner.run(SuiteRunner.java:289)
                        	at org.testng.SuiteRunnerWorker.runSuite(SuiteRunnerWorker.java:52)
                        	at org.testng.SuiteRunnerWorker.run(SuiteRunnerWorker.java:86)
                        	at org.testng.TestNG.runSuitesSequentially(TestNG.java:1293)
                        	at org.testng.TestNG.runSuitesLocally(TestNG.java:1218)
                        	at org.testng.TestNG.runSuites(TestNG.java:1133)
                        	at org.testng.TestNG.run(TestNG.java:1104)
                        	at org.testng.remote.AbstractRemoteTestNG.run(AbstractRemoteTestNG.java:132)
                        	at org.testng.remote.RemoteTestNG.initAndRun(RemoteTestNG.java:236)
                        	at org.testng.remote.RemoteTestNG.main(RemoteTestNG.java:81)
                     </pre>
                  </div>
               </td>
            </tr>
            <tr id="myTests.LogInTest_closeConnection_byClass_SKIP3_row"
                class="testMethodStatusSKIP testMethodStatusCONF">
               <td width="100%" class="firstMethodCell">
                  <a onclick="toggleDetailsVisibility('myTests.LogInTest_closeConnection_byClass_SKIP3_details')">closeConnection()</a>
               </td>
               <td nowrap="true">23:45:25</td>
               <td nowrap="true" align="right">0 ms
                  
               </td>
               <td nowrap="true">
                   
                  
               </td>
            </tr>
            <tr>
               <td colspan="4" class="detailsBox">
                  <div id="myTests.LogInTest_closeConnection_byClass_SKIP3_details"
                       class="testMethodDetails">
                     <div>
                        <b>Name: </b>closeConnection
                     </div>
                     <div>
                        <b>Signature: </b>closeConnection()[pri:0, instance:myTests.LogInTest@eec5a4a]
                     </div>
                     <div>
                        <b>Start time: </b>23:45:25
                     </div>
                     <div>
                        <b>End time: </b>23:45:25
                     </div>
                     <div>
                        <b>Duration: </b>0 ms
                        
                     </div>
                  </div>
               </td>
            </tr>
            <tr></tr>
         </table>
         <br></br>
      </div>
      <div style="margin-top: 15px; color: gray; text-align: center; font-size: 9px;">
         Generated with
         
         <a href="http://code.google.com/p/testng-xslt/" style="color: #8888aa;"
            target="_blank">
            TestNG XSLT
            
         </a>
      </div>
   </body>
</html>